0 info it worked if it ends with ok
1 verbose cli [ '/usr/local/bin/node',
1 verbose cli   '/usr/local/bin/npm',
1 verbose cli   'install',
1 verbose cli   '-g',
1 verbose cli   'node' ]
2 info using npm@2.14.7
3 info using node@v4.2.2
4 verbose install initial load of /usr/local/lib/package.json
5 verbose readDependencies loading dependencies from /usr/local/lib/package.json
6 silly cache add args [ 'node', null ]
7 verbose cache add spec node
8 silly cache add parsed spec Result {
8 silly cache add   raw: 'node',
8 silly cache add   scope: null,
8 silly cache add   name: 'node',
8 silly cache add   rawSpec: '',
8 silly cache add   spec: '*',
8 silly cache add   type: 'range' }
9 silly addNamed node@*
10 verbose addNamed "*" is a valid semver range for node
11 silly addNameRange { name: 'node', range: '*', hasData: false }
12 silly mapToRegistry name node
13 silly mapToRegistry using default registry
14 silly mapToRegistry registry https://registry.npmjs.org/
15 silly mapToRegistry uri https://registry.npmjs.org/node
16 verbose addNameRange registry:https://registry.npmjs.org/node not in flight; fetching
17 verbose request uri https://registry.npmjs.org/node
18 verbose request no auth needed
19 info attempt registry request try #1 at 2:27:48 PM
20 verbose request id 7e6554baa41778e5
21 verbose etag W/"59f929f7-5003a"
22 verbose lastModified Wed, 01 Nov 2017 01:57:11 GMT
23 http request GET https://registry.npmjs.org/node
24 http 304 https://registry.npmjs.org/node
25 verbose headers { date: 'Sat, 04 Nov 2017 18:27:49 GMT',
25 verbose headers   via: '1.1 varnish',
25 verbose headers   'cache-control': 'max-age=300',
25 verbose headers   etag: 'W/"59f929f7-5003a"',
25 verbose headers   age: '15',
25 verbose headers   connection: 'keep-alive',
25 verbose headers   'x-served-by': 'cache-sea1043-SEA',
25 verbose headers   'x-cache': 'HIT',
25 verbose headers   'x-cache-hits': '1',
25 verbose headers   'x-timer': 'S1509820069.079457,VS0,VE0',
25 verbose headers   vary: 'Accept-Encoding, Accept' }
26 silly get cb [ 304,
26 silly get   { date: 'Sat, 04 Nov 2017 18:27:49 GMT',
26 silly get     via: '1.1 varnish',
26 silly get     'cache-control': 'max-age=300',
26 silly get     etag: 'W/"59f929f7-5003a"',
26 silly get     age: '15',
26 silly get     connection: 'keep-alive',
26 silly get     'x-served-by': 'cache-sea1043-SEA',
26 silly get     'x-cache': 'HIT',
26 silly get     'x-cache-hits': '1',
26 silly get     'x-timer': 'S1509820069.079457,VS0,VE0',
26 silly get     vary: 'Accept-Encoding, Accept' } ]
27 verbose etag https://registry.npmjs.org/node from cache
28 verbose get saving node to /Users/ethanberman/.npm/registry.npmjs.org/node/.cache.json
29 silly addNameRange number 2 { name: 'node', range: '*', hasData: true }
30 silly addNameRange versions [ 'node',
30 silly addNameRange   [ '0.0.0',
30 silly addNameRange     '0.1.14',
30 silly addNameRange     '0.1.15',
30 silly addNameRange     '0.1.16',
30 silly addNameRange     '0.1.17',
30 silly addNameRange     '0.1.18',
30 silly addNameRange     '0.1.19',
30 silly addNameRange     '0.1.20',
30 silly addNameRange     '0.1.21',
30 silly addNameRange     '0.1.22',
30 silly addNameRange     '0.1.23',
30 silly addNameRange     '0.1.24',
30 silly addNameRange     '0.1.25',
30 silly addNameRange     '0.1.26',
30 silly addNameRange     '0.1.27',
30 silly addNameRange     '0.1.28',
30 silly addNameRange     '0.1.29',
30 silly addNameRange     '0.1.30',
30 silly addNameRange     '0.1.31',
30 silly addNameRange     '0.1.32',
30 silly addNameRange     '0.1.33',
30 silly addNameRange     '0.1.90',
30 silly addNameRange     '0.1.91',
30 silly addNameRange     '0.1.92',
30 silly addNameRange     '0.1.93',
30 silly addNameRange     '0.1.94',
30 silly addNameRange     '0.1.95',
30 silly addNameRange     '0.1.96',
30 silly addNameRange     '0.1.97',
30 silly addNameRange     '0.1.98',
30 silly addNameRange     '0.1.99',
30 silly addNameRange     '0.1.100',
30 silly addNameRange     '0.1.101',
30 silly addNameRange     '0.1.102',
30 silly addNameRange     '0.1.103',
30 silly addNameRange     '0.1.104',
30 silly addNameRange     '0.2.0',
30 silly addNameRange     '0.2.1',
30 silly addNameRange     '0.2.2',
30 silly addNameRange     '0.2.3',
30 silly addNameRange     '0.2.4',
30 silly addNameRange     '0.2.5',
30 silly addNameRange     '0.2.6',
30 silly addNameRange     '0.3.0',
30 silly addNameRange     '0.3.1',
30 silly addNameRange     '0.3.2',
30 silly addNameRange     '0.3.3',
30 silly addNameRange     '0.3.4',
30 silly addNameRange     '0.3.5',
30 silly addNameRange     '0.3.6',
30 silly addNameRange     '0.3.7',
30 silly addNameRange     '0.3.8',
30 silly addNameRange     '0.4.0',
30 silly addNameRange     '0.4.1',
30 silly addNameRange     '0.4.2',
30 silly addNameRange     '0.4.3',
30 silly addNameRange     '0.4.4',
30 silly addNameRange     '0.4.5',
30 silly addNameRange     '0.4.6',
30 silly addNameRange     '0.4.7',
30 silly addNameRange     '0.4.8',
30 silly addNameRange     '0.4.9',
30 silly addNameRange     '0.4.10',
30 silly addNameRange     '0.4.11',
30 silly addNameRange     '0.4.12',
30 silly addNameRange     '0.5.0',
30 silly addNameRange     '0.5.1',
30 silly addNameRange     '0.5.2',
30 silly addNameRange     '0.5.3',
30 silly addNameRange     '0.5.4',
30 silly addNameRange     '0.5.5',
30 silly addNameRange     '0.5.6',
30 silly addNameRange     '0.5.7',
30 silly addNameRange     '0.5.8',
30 silly addNameRange     '0.5.9',
30 silly addNameRange     '0.5.10',
30 silly addNameRange     '0.6.0',
30 silly addNameRange     '0.6.1',
30 silly addNameRange     '0.6.2',
30 silly addNameRange     '0.6.3',
30 silly addNameRange     '0.6.4',
30 silly addNameRange     '0.6.5',
30 silly addNameRange     '0.6.6',
30 silly addNameRange     '0.6.7',
30 silly addNameRange     '0.6.8',
30 silly addNameRange     '0.6.9',
30 silly addNameRange     '0.6.10',
30 silly addNameRange     '0.6.11',
30 silly addNameRange     '0.6.12',
30 silly addNameRange     '0.6.13',
30 silly addNameRange     '0.6.14',
30 silly addNameRange     '0.6.15',
30 silly addNameRange     '0.6.16',
30 silly addNameRange     '0.6.17',
30 silly addNameRange     '0.6.18',
30 silly addNameRange     '0.6.19',
30 silly addNameRange     '0.6.20',
30 silly addNameRange     '0.6.21',
30 silly addNameRange     '0.7.0',
30 silly addNameRange     '0.7.1',
30 silly addNameRange     '0.7.2',
30 silly addNameRange     '0.7.3',
30 silly addNameRange     '0.7.4',
30 silly addNameRange     '0.7.5',
30 silly addNameRange     '0.7.6',
30 silly addNameRange     '0.7.7',
30 silly addNameRange     '0.7.8',
30 silly addNameRange     '0.7.9',
30 silly addNameRange     '0.7.10',
30 silly addNameRange     '0.7.11',
30 silly addNameRange     '0.7.12',
30 silly addNameRange     '0.8.0',
30 silly addNameRange     '0.8.1',
30 silly addNameRange     '0.8.2',
30 silly addNameRange     '0.8.3',
30 silly addNameRange     '0.8.4',
30 silly addNameRange     '0.8.5',
30 silly addNameRange     '0.8.6',
30 silly addNameRange     '0.8.7',
30 silly addNameRange     '0.8.8',
30 silly addNameRange     '0.8.9',
30 silly addNameRange     '0.8.10',
30 silly addNameRange     '0.8.11',
30 silly addNameRange     '0.8.12',
30 silly addNameRange     '0.8.13',
30 silly addNameRange     '0.8.14',
30 silly addNameRange     '0.8.15',
30 silly addNameRange     '0.8.16',
30 silly addNameRange     '0.8.17',
30 silly addNameRange     '0.8.18',
30 silly addNameRange     '0.8.19',
30 silly addNameRange     '0.8.20',
30 silly addNameRange     '0.8.21',
30 silly addNameRange     '0.8.22',
30 silly addNameRange     '0.8.23',
30 silly addNameRange     '0.8.24',
30 silly addNameRange     '0.8.25',
30 silly addNameRange     '0.8.26',
30 silly addNameRange     '0.8.27',
30 silly addNameRange     '0.8.28',
30 silly addNameRange     '0.9.0',
30 silly addNameRange     '0.9.1',
30 silly addNameRange     '0.9.2',
30 silly addNameRange     '0.9.3',
30 silly addNameRange     '0.9.4',
30 silly addNameRange     '0.9.5',
30 silly addNameRange     '0.9.6',
30 silly addNameRange     '0.9.7',
30 silly addNameRange     '0.9.8',
30 silly addNameRange     '0.9.9',
30 silly addNameRange     '0.9.10',
30 silly addNameRange     '0.9.11',
30 silly addNameRange     '0.9.12',
30 silly addNameRange     '0.10.0',
30 silly addNameRange     '0.10.1',
30 silly addNameRange     '0.10.2',
30 silly addNameRange     '0.10.3',
30 silly addNameRange     '0.10.4',
30 silly addNameRange     '0.10.5',
30 silly addNameRange     '0.10.6',
30 silly addNameRange     '0.10.7',
30 silly addNameRange     '0.10.8',
30 silly addNameRange     '0.10.9',
30 silly addNameRange     '0.10.10',
30 silly addNameRange     '0.10.11',
30 silly addNameRange     '0.10.12',
30 silly addNameRange     '0.10.13',
30 silly addNameRange     '0.10.14',
30 silly addNameRange     '0.10.15',
30 silly addNameRange     '0.10.16',
30 silly addNameRange     '0.10.17',
30 silly addNameRange     '0.10.18',
30 silly addNameRange     '0.10.19',
30 silly addNameRange     '0.10.20',
30 silly addNameRange     '0.10.21',
30 silly addNameRange     '0.10.22',
30 silly addNameRange     '0.10.23',
30 silly addNameRange     '0.10.24',
30 silly addNameRange     '0.10.25',
30 silly addNameRange     '0.10.26',
30 silly addNameRange     '0.10.27',
30 silly addNameRange     '0.10.28',
30 silly addNameRange     '0.10.29',
30 silly addNameRange     '0.10.30',
30 silly addNameRange     '0.10.31',
30 silly addNameRange     '0.10.32',
30 silly addNameRange     '0.10.33',
30 silly addNameRange     '0.10.34',
30 silly addNameRange     '0.10.35',
30 silly addNameRange     '0.10.36',
30 silly addNameRange     '0.10.37',
30 silly addNameRange     '0.10.38',
30 silly addNameRange     '0.10.39',
30 silly addNameRange     '0.10.40',
30 silly addNameRange     '0.10.41',
30 silly addNameRange     '0.10.42',
30 silly addNameRange     '0.10.43',
30 silly addNameRange     '0.10.44',
30 silly addNameRange     '0.10.45',
30 silly addNameRange     '0.10.46',
30 silly addNameRange     '0.10.47',
30 silly addNameRange     '0.10.48',
30 silly addNameRange     '0.11.0',
30 silly addNameRange     '0.11.1',
30 silly addNameRange     '0.11.2',
30 silly addNameRange     '0.11.3',
30 silly addNameRange     '0.11.4',
30 silly addNameRange     '0.11.5',
30 silly addNameRange     '0.11.6',
30 silly addNameRange     '0.11.7',
30 silly addNameRange     '0.11.8',
30 silly addNameRange     '0.11.9',
30 silly addNameRange     '0.11.10',
30 silly addNameRange     '0.11.11',
30 silly addNameRange     '0.11.12',
30 silly addNameRange     '0.11.13',
30 silly addNameRange     '0.11.14',
30 silly addNameRange     '0.11.15',
30 silly addNameRange     '0.11.16',
30 silly addNameRange     '0.12.0',
30 silly addNameRange     '0.12.1',
30 silly addNameRange     '0.12.2',
30 silly addNameRange     '0.12.3',
30 silly addNameRange     '0.12.4',
30 silly addNameRange     '0.12.5',
30 silly addNameRange     '0.12.6',
30 silly addNameRange     '0.12.7',
30 silly addNameRange     '0.12.8',
30 silly addNameRange     '0.12.9',
30 silly addNameRange     '0.12.10',
30 silly addNameRange     '0.12.11',
30 silly addNameRange     '0.12.12',
30 silly addNameRange     '0.12.13',
30 silly addNameRange     '0.12.14',
30 silly addNameRange     '0.12.15',
30 silly addNameRange     '0.12.16',
30 silly addNameRange     '0.12.17',
30 silly addNameRange     '0.12.18',
30 silly addNameRange     '4.0.0',
30 silly addNameRange     '4.1.0',
30 silly addNameRange     '4.1.1',
30 silly addNameRange     '4.1.2',
30 silly addNameRange     '4.2.0',
30 silly addNameRange     '4.2.1',
30 silly addNameRange     '4.2.2',
30 silly addNameRange     '4.2.3',
30 silly addNameRange     '4.2.4',
30 silly addNameRange     '4.2.5',
30 silly addNameRange     '4.2.6',
30 silly addNameRange     '4.3.0',
30 silly addNameRange     '4.3.1',
30 silly addNameRange     '4.3.2',
30 silly addNameRange     '4.4.0',
30 silly addNameRange     '4.4.1',
30 silly addNameRange     '4.4.2',
30 silly addNameRange     '4.4.3',
30 silly addNameRange     '4.4.4',
30 silly addNameRange     '4.4.5',
30 silly addNameRange     '4.4.6',
30 silly addNameRange     '4.4.7',
30 silly addNameRange     '4.5.0',
30 silly addNameRange     '4.6.0',
30 silly addNameRange     '4.6.1',
30 silly addNameRange     '4.6.2',
30 silly addNameRange     '4.7.0',
30 silly addNameRange     '4.7.1',
30 silly addNameRange     '4.7.2',
30 silly addNameRange     '4.7.3',
30 silly addNameRange     '4.8.0',
30 silly addNameRange     '4.8.1',
30 silly addNameRange     '4.8.2',
30 silly addNameRange     '4.8.3',
30 silly addNameRange     '4.8.4',
30 silly addNameRange     '5.0.0',
30 silly addNameRange     '5.1.0',
30 silly addNameRange     '5.1.1',
30 silly addNameRange     '5.2.0',
30 silly addNameRange     '5.3.0',
30 silly addNameRange     '5.4.0',
30 silly addNameRange     '5.4.1',
30 silly addNameRange     '5.5.0',
30 silly addNameRange     '5.6.0',
30 silly addNameRange     '5.7.0',
30 silly addNameRange     '5.7.1',
30 silly addNameRange     '5.8.0',
30 silly addNameRange     '5.9.0',
30 silly addNameRange     '5.9.1',
30 silly addNameRange     '5.10.0',
30 silly addNameRange     '5.10.1',
30 silly addNameRange     '5.11.0',
30 silly addNameRange     '5.11.1',
30 silly addNameRange     '5.12.0',
30 silly addNameRange     '6.0.0',
30 silly addNameRange     '6.1.0',
30 silly addNameRange     '6.2.0',
30 silly addNameRange     '6.2.1',
30 silly addNameRange     '6.2.2',
30 silly addNameRange     '6.3.0',
30 silly addNameRange     '6.3.1',
30 silly addNameRange     '6.4.0',
30 silly addNameRange     '6.5.0',
30 silly addNameRange     '6.6.0',
30 silly addNameRange     '6.7.0',
30 silly addNameRange     '6.8.0',
30 silly addNameRange     '6.8.1',
30 silly addNameRange     '6.9.0',
30 silly addNameRange     '6.9.1',
30 silly addNameRange     '6.9.2',
30 silly addNameRange     '6.9.3',
30 silly addNameRange     '6.9.4',
30 silly addNameRange     '6.9.5',
30 silly addNameRange     '6.10.0',
30 silly addNameRange     '6.10.1',
30 silly addNameRange     '6.10.2',
30 silly addNameRange     '6.10.3',
30 silly addNameRange     '6.11.0',
30 silly addNameRange     '6.11.1',
30 silly addNameRange     '7.0.0',
30 silly addNameRange     '7.1.0',
30 silly addNameRange     '7.2.0',
30 silly addNameRange     '7.2.1',
30 silly addNameRange     '7.3.0',
30 silly addNameRange     '7.4.0',
30 silly addNameRange     '7.5.0',
30 silly addNameRange     '7.6.0',
30 silly addNameRange     '7.7.0',
30 silly addNameRange     '7.7.1',
30 silly addNameRange     '7.7.2',
30 silly addNameRange     '7.7.3',
30 silly addNameRange     '7.7.4',
30 silly addNameRange     '7.8.0',
30 silly addNameRange     '7.9.0',
30 silly addNameRange     '7.10.0',
30 silly addNameRange     '7.10.1',
30 silly addNameRange     '8.0.0',
30 silly addNameRange     '8.1.0',
30 silly addNameRange     '8.1.1',
30 silly addNameRange     '8.1.2',
30 silly addNameRange     '8.1.3',
30 silly addNameRange     '8.1.4',
30 silly addNameRange     '8.2.0',
30 silly addNameRange     '8.2.1',
30 silly addNameRange     '8.3.0',
30 silly addNameRange     '8.4.0',
30 silly addNameRange     '8.5.0',
30 silly addNameRange     '8.6.0',
30 silly addNameRange     '8.7.0',
30 silly addNameRange     '8.8.0',
30 silly addNameRange     '8.8.1',
30 silly addNameRange     '8.9.0',
30 silly addNameRange     '9.0.0' ] ]
31 silly addNamed node@9.0.0
32 verbose addNamed "9.0.0" is a plain semver version for node
33 silly cache afterAdd node@9.0.0
34 verbose afterAdd /Users/ethanberman/.npm/node/9.0.0/package/package.json not in flight; writing
35 verbose afterAdd /Users/ethanberman/.npm/node/9.0.0/package/package.json written
36 silly install resolved [ { name: 'node',
36 silly install resolved     version: '9.0.0',
36 silly install resolved     description: 'node',
36 silly install resolved     main: 'index.js',
36 silly install resolved     keywords: [ 'runtime' ],
36 silly install resolved     scripts: { preinstall: 'node installArchSpecificPackage' },
36 silly install resolved     bin: { node: 'bin/node' },
36 silly install resolved     dependencies: { 'node-bin-setup': '^1.0.0' },
36 silly install resolved     license: 'ISC',
36 silly install resolved     author: '',
36 silly install resolved     engines: { npm: '>=5.0.0' },
36 silly install resolved     _id: 'node@9.0.0',
36 silly install resolved     _npmVersion: '5.5.1',
36 silly install resolved     _nodeVersion: '8.2.0',
36 silly install resolved     _npmUser: { name: 'aredridel', email: 'aredridel@dinhe.net' },
36 silly install resolved     dist:
36 silly install resolved      { integrity: 'sha512-HKj3ATHuoBZ3fabUUmN/LYu5HSKZUBNp6DNHtce2rMKkaQ+QnmY7VMRnZIedy6IYky8VbyAaMCkZz6GazQaUBA==',
36 silly install resolved        shasum: 'd35d73313cb3ef20f907fdcbdb0b219e47670514',
36 silly install resolved        tarball: 'https://registry.npmjs.org/node/-/node-9.0.0.tgz' },
36 silly install resolved     maintainers: [ [Object], [Object] ],
36 silly install resolved     _npmOperationalInternal:
36 silly install resolved      { host: 's3://npm-registry-packages',
36 silly install resolved        tmp: 'tmp/node-9.0.0.tgz_1509501430937_0.6023690262809396' },
36 silly install resolved     directories: {},
36 silly install resolved     _shasum: 'd35d73313cb3ef20f907fdcbdb0b219e47670514',
36 silly install resolved     _resolved: 'https://registry.npmjs.org/node/-/node-9.0.0.tgz',
36 silly install resolved     _from: 'node@*',
36 silly install resolved     readme: 'ERROR: No README data found!' } ]
37 info install node@9.0.0 into /usr/local/lib
38 info installOne node@9.0.0
39 verbose installOne of node to /usr/local/lib not in flight; installing
40 verbose lock using /Users/ethanberman/.npm/_locks/node-55ba4836bfa9dc50.lock for /usr/local/lib/node_modules/node
41 warn engine node@9.0.0: wanted: {"npm":">=5.0.0"} (current: {"node":"4.2.2","npm":"2.14.7"})
42 silly install write writing node 9.0.0 to /usr/local/lib/node_modules/node
43 verbose unbuild lib/node_modules/node
44 silly gentlyRm /usr/local/lib/node_modules/node is being purged from base /usr/local
45 verbose gentlyRm don't care about contents; nuking /usr/local/lib/node_modules/node
46 verbose tar unpack /Users/ethanberman/.npm/node/9.0.0/package.tgz
47 verbose tar unpacking to /usr/local/lib/node_modules/node
48 silly gentlyRm /usr/local/lib/node_modules/node is being purged
49 verbose gentlyRm don't care about contents; nuking /usr/local/lib/node_modules/node
50 silly gunzTarPerm modes [ '755', '644' ]
51 silly gunzTarPerm extractEntry package.json
52 silly gunzTarPerm extractEntry installArchSpecificPackage.js
53 silly gunzTarPerm extractEntry README.md
54 verbose write writing to /usr/local/lib/node_modules/node/package.json
55 info preinstall node@9.0.0
56 verbose unsafe-perm in lifecycle true
57 info node@9.0.0 Failed to exec preinstall script
58 verbose unlock done using /Users/ethanberman/.npm/_locks/node-55ba4836bfa9dc50.lock for /usr/local/lib/node_modules/node
59 verbose stack Error: node@9.0.0 preinstall: `node installArchSpecificPackage`
59 verbose stack Exit status 1
59 verbose stack     at EventEmitter.<anonymous> (/usr/local/lib/node_modules/npm/lib/utils/lifecycle.js:214:16)
59 verbose stack     at emitTwo (events.js:87:13)
59 verbose stack     at EventEmitter.emit (events.js:172:7)
59 verbose stack     at ChildProcess.<anonymous> (/usr/local/lib/node_modules/npm/lib/utils/spawn.js:24:14)
59 verbose stack     at emitTwo (events.js:87:13)
59 verbose stack     at ChildProcess.emit (events.js:172:7)
59 verbose stack     at maybeClose (internal/child_process.js:818:16)
59 verbose stack     at Process.ChildProcess._handle.onexit (internal/child_process.js:211:5)
60 verbose pkgid node@9.0.0
61 verbose cwd /Users/ethanberman/Desktop/hacknehs
62 error Darwin 16.0.0
63 error argv "/usr/local/bin/node" "/usr/local/bin/npm" "install" "-g" "node"
64 error node v4.2.2
65 error npm  v2.14.7
66 error code ELIFECYCLE
67 error node@9.0.0 preinstall: `node installArchSpecificPackage`
67 error Exit status 1
68 error Failed at the node@9.0.0 preinstall script 'node installArchSpecificPackage'.
68 error This is most likely a problem with the node package,
68 error not with npm itself.
68 error Tell the author that this fails on your system:
68 error     node installArchSpecificPackage
68 error You can get their info via:
68 error     npm owner ls node
68 error There is likely additional logging output above.
69 verbose exit [ 1, true ]
70 verbose unbuild lib/node_modules/node
71 info preuninstall node@9.0.0
72 info uninstall node@9.0.0
73 verbose unbuild rmStuff node@9.0.0 from /usr/local/lib/node_modules
74 silly gentlyRm /usr/local/bin/node is being gently removed
75 silly gentlyRm verifying /usr/local is an npm working directory
76 silly gentlyRm containing path /usr/local is under npm's control, in /usr/local
77 silly gentlyRm deletion target /usr/local/bin/node is under /usr/local
78 verbose gentlyRm vacuuming from /usr/local/bin/node up to /usr/local
79 silly vacuum-fs removing /usr/local/bin/node
80 silly vacuum-fs quitting because other entries in /usr/local/bin
81 info postuninstall node@9.0.0
82 silly gentlyRm /usr/local/lib/node_modules/node is being purged from base /usr/local
83 verbose gentlyRm don't care about contents; nuking /usr/local/lib/node_modules/node
84 silly vacuum-fs purging /usr/local/lib/node_modules/node
85 silly vacuum-fs quitting because other entries in /usr/local/lib/node_modules
